CMD
if [ -f /Users/tufikchediak/mega/server/projects/cloudbit/repositories/continuous/fakeServicesDir/continuous.service ] ; then echo 1 ; else echo 0 ; fi
CMD
touch continuous.service
CMD
echo '
  [Unit]
  Description=instance to serve api
  After=network.target
  [Service]
  User=root
  Group=root
  ExecStart=/Users/tufikchediak/mega/server/projects/cloudbit/repositories/continuous/continuous
  [Install]
  WantedBy=multi-user.target
' > continuous.service
CMD
mv continuous.service /Users/tufikchediak/mega/server/projects/cloudbit/repositories/continuous/fakeServicesDir/continuous.service
CMD
if [ -f /Users/tufikchediak/mega/server/projects/cloudbit/repositories/continuous/fakeServicesDir/continuous.service ] ; then echo 1 ; else echo 0 ; fi
CMD
if [ -f /Users/tufikchediak/mega/server/projects/cloudbit/repositories/continuous/fakeServicesDir/continuous.service ] ; then echo 1 ; else echo 0 ; fi
CMD
touch continuous.service
CMD
echo '
  [Unit]
  Description=instance to serve api
  After=network.target
  [Service]
  User=root
  Group=root
  ExecStart=/Users/tufikchediak/mega/server/projects/cloudbit/repositories/continuous/continuous
  [Install]
  WantedBy=multi-user.target
' > continuous.service
CMD
mv continuous.service /Users/tufikchediak/mega/server/projects/cloudbit/repositories/continuous/fakeServicesDir/continuous.service
CMD
if [ -f /Users/tufikchediak/mega/server/projects/cloudbit/repositories/continuous/fakeServicesDir/continuous.service ] ; then echo 1 ; else echo 0 ; fi
CMD
touch continuous.service
CMD
echo '
  [Unit]
  Description=instance to serve api
  After=network.target
  [Service]
  User=root
  Group=root
  ExecStart=/Users/tufikchediak/mega/server/projects/cloudbit/repositories/continuous/continuous
  [Install]
  WantedBy=multi-user.target
' > continuous.service
CMD
mv continuous.service /Users/tufikchediak/mega/server/projects/cloudbit/repositories/continuous/fakeServicesDir/continuous.service
CMD
if [ -f /Users/tufikchediak/mega/server/projects/cloudbit/repositories/continuous/fakeServicesDir/continuous.service ] ; then echo 1 ; else echo 0 ; fi
CMD
if [ -f /Users/tufikchediak/mega/server/projects/cloudbit/repositories/continuous/fakeServicesDir/continuous.service ] ; then echo 1 ; else echo 0 ; fi
CMD
touch continuous.service
CMD
echo '
  [Unit]
  Description=instance to serve api
  After=network.target
  [Service]
  User=root
  Group=root
  ExecStart=/Users/tufikchediak/mega/server/projects/cloudbit/repositories/continuous/continuous
  [Install]
  WantedBy=multi-user.target
' > continuous.service
CMD
mv continuous.service /Users/tufikchediak/mega/server/projects/cloudbit/repositories/continuous/fakeServicesDir/continuous.service
CMD
if [ -f /Users/tufikchediak/mega/server/projects/cloudbit/repositories/continuous/fakeServicesDir/continuous.service ] ; then echo 1 ; else echo 0 ; fi
CMD
touch continuous.service
CMD
echo '
  [Unit]
  Description=instance to serve api
  After=network.target
  [Service]
  User=root
  Group=root
  ExecStart=/Users/tufikchediak/mega/server/projects/cloudbit/repositories/continuous/continuous
  [Install]
  WantedBy=multi-user.target
' > continuous.service
CMD
mv continuous.service /Users/tufikchediak/mega/server/projects/cloudbit/repositories/continuous/fakeServicesDir/continuous.service
CMD
if [ -f /Users/tufikchediak/mega/server/projects/cloudbit/repositories/continuous/fakeServicesDir/continuous.service ] ; then echo 1 ; else echo 0 ; fi
CMD
if [ -f /Users/tufikchediak/mega/server/projects/cloudbit/repositories/continuous/fakeServicesDir/continuous.service ] ; then echo 1 ; else echo 0 ; fi
CMD
touch continuous.service
CMD
echo '
  [Unit]
  Description=instance to serve api
  After=network.target
  [Service]
  User=root
  Group=root
  ExecStart=/Users/tufikchediak/mega/server/projects/cloudbit/repositories/continuous/continuous
  [Install]
  WantedBy=multi-user.target
' > continuous.service
CMD
mv continuous.service /Users/tufikchediak/mega/server/projects/cloudbit/repositories/continuous/fakeServicesDir/continuous.service
CMD
if [ -f /Users/tufikchediak/mega/server/projects/cloudbit/repositories/continuous/fakeServicesDir/continuous.service ] ; then echo 1 ; else echo 0 ; fi
CMD
if [ -f /Users/tufikchediak/mega/server/projects/cloudbit/repositories/continuous/fakeServicesDir/continuous.service ] ; then echo 1 ; else echo 0 ; fi
CMD
git clone -b master https://tufik_chediak:ATBBfTrSHKGTHDQMNwWBLsYBVAnaC774C627@bitbucket.org/refinedrisk/risk-mental-health-app.git ${$workdir}
CMD
if [ -f /Users/tufikchediak/mega/server/projects/cloudbit/repositories/continuous/fakeServicesDir/continuous.service ] ; then echo 1 ; else echo 0 ; fi
CMD
git clone -b master https://tufik_chediak:ATBBfTrSHKGTHDQMNwWBLsYBVAnaC774C627@bitbucket.org/refinedrisk/risk-mental-health-app.git /Users/tufikchediak/mega/server/projects/cloudbit/repositories/continuous
CMD
if [ -f /Users/tufikchediak/mega/server/projects/cloudbit/repositories/continuous/fakeServicesDir/continuous.service ] ; then echo 1 ; else echo 0 ; fi
CMD
git clone -b master https://tufik_chediak:ATBBfTrSHKGTHDQMNwWBLsYBVAnaC774C627@bitbucket.org/refinedrisk/risk-mental-health-app.git /Users/tufikchediak/mega/server/projects/cloudbit/repositories/continuous
CMD
if [ -f /Users/tufikchediak/mega/server/projects/cloudbit/repositories/continuous/fakeServicesDir/continuous.service ] ; then echo 1 ; else echo 0 ; fi
CMD
git clone -b master https://tufik_chediak:ATBBfTrSHKGTHDQMNwWBLsYBVAnaC774C627@bitbucket.org/refinedrisk/risk-mental-health-app.git /Users/tufikchediak/mega/server/projects/cloudbit/repositories/continuous/mha
CMD
if [ -f /Users/tufikchediak/mega/server/projects/cloudbit/repositories/continuous/fakeServicesDir/continuous.service ] ; then echo 1 ; else echo 0 ; fi
CMD
git clone -b master https://tufik_chediak:ATBBfTrSHKGTHDQMNwWBLsYBVAnaC774C627@bitbucket.org/refinedrisk/risk-mental-health-app.git /Users/tufikchediak/mega/server/projects/cloudbit/repositories/continuous/mha
CMD
if [ -f /Users/tufikchediak/mega/server/projects/cloudbit/repositories/continuous/fakeServicesDir/continuous.service ] ; then echo 1 ; else echo 0 ; fi
CMD
git clone -b master https://tufik_chediak:ATBBfTrSHKGTHDQMNwWBLsYBVAnaC774C627@bitbucket.org/refinedrisk/risk-mental-health-app.git /Users/tufikchediak/mega/server/projects/cloudbit/repositories/continuous/mha
CMD
if [ -f /Users/tufikchediak/mega/server/projects/cloudbit/repositories/continuous/fakeServicesDir/continuous.service ] ; then echo 1 ; else echo 0 ; fi
CMD
git clone -b master https://tufik_chediak:ATBBfTrSHKGTHDQMNwWBLsYBVAnaC774C627@bitbucket.org/refinedrisk/risk-mental-health-app.git /Users/tufikchediak/mega/server/projects/cloudbit/repositories/continuous/mha
CMD
if [ -f /Users/tufikchediak/mega/server/projects/cloudbit/repositories/continuous/fakeServicesDir/continuous.service ] ; then echo 1 ; else echo 0 ; fi
CMD
git clone -b master https://tufik_chediak:ATBBfTrSHKGTHDQMNwWBLsYBVAnaC774C627@bitbucket.org/refinedrisk/risk-mental-health-app.git /Users/tufikchediak/mega/server/projects/cloudbit/repositories/continuous/mha
CMD
if [ -f /Users/tufikchediak/mega/server/projects/cloudbit/repositories/continuous/fakeServicesDir/continuous.service ] ; then echo 1 ; else echo 0 ; fi
CMD
git clone -b master https://tufik_chediak:ATBBfTrSHKGTHDQMNwWBLsYBVAnaC774C627@bitbucket.org/refinedrisk/risk-mental-health-app.git /Users/tufikchediak/mega/server/projects/cloudbit/repositories/continuous/mha
CMD
if [ -f /Users/tufikchediak/mega/server/projects/cloudbit/repositories/continuous/fakeServicesDir/continuous.service ] ; then echo 1 ; else echo 0 ; fi
CMD
git clone -b master https://tufik_chediak:ATBBfTrSHKGTHDQMNwWBLsYBVAnaC774C627@bitbucket.org/refinedrisk/risk-mental-health-app.git /Users/tufikchediak/mega/server/projects/cloudbit/repositories/continuous/mha
CMD
if [ -f /Users/tufikchediak/mega/server/projects/cloudbit/repositories/continuous/fakeServicesDir/continuous.service ] ; then echo 1 ; else echo 0 ; fi
CMD
git clone -b master https://tufik_chediak:ATBBfTrSHKGTHDQMNwWBLsYBVAnaC774C627@bitbucket.org/refinedrisk/risk-mental-health-app.git /Users/tufikchediak/mega/server/projects/cloudbit/repositories/continuous/mha
CMD
if [ -f /Users/tufikchediak/mega/server/projects/cloudbit/repositories/continuous/fakeServicesDir/continuous.service ] ; then echo 1 ; else echo 0 ; fi
CMD
git clone -b master https://tufik_chediak:ATBBfTrSHKGTHDQMNwWBLsYBVAnaC774C627@bitbucket.org/refinedrisk/risk-mental-health-app.git /Users/tufikchediak/mega/server/projects/cloudbit/repositories/continuous/mha
CMD
if [ -f /Users/tufikchediak/mega/server/projects/cloudbit/repositories/continuous/fakeServicesDir/continuous.service ] ; then echo 1 ; else echo 0 ; fi
CMD
git clone -b master https://tufik_chediak:ATBBfTrSHKGTHDQMNwWBLsYBVAnaC774C627@bitbucket.org/refinedrisk/risk-mental-health-app.git /Users/tufikchediak/mega/server/projects/cloudbit/repositories/continuous/mha
CMD
if [ -f /Users/tufikchediak/mega/server/projects/cloudbit/repositories/continuous/fakeServicesDir/continuous.service ] ; then echo 1 ; else echo 0 ; fi
CMD
git clone -b master https://tufik_chediak:ATBBfTrSHKGTHDQMNwWBLsYBVAnaC774C627@bitbucket.org/refinedrisk/risk-mental-health-app.git /Users/tufikchediak/mega/server/projects/cloudbit/repositories/continuous/mha
CMD
if [ -f /Users/tufikchediak/mega/server/projects/cloudbit/repositories/continuous/fakeServicesDir/continuous.service ] ; then echo 1 ; else echo 0 ; fi
CMD
git clone -b master https://tufik_chediak:ATBBfTrSHKGTHDQMNwWBLsYBVAnaC774C627@bitbucket.org/refinedrisk/risk-mental-health-app.git /Users/tufikchediak/mega/server/projects/cloudbit/repositories/continuous/mha
CMD
if [ -f /Users/tufikchediak/mega/server/projects/cloudbit/repositories/continuous/fakeServicesDir/continuous.service ] ; then echo 1 ; else echo 0 ; fi
CMD
git clone -b master https://tufik_chediak:ATBBfTrSHKGTHDQMNwWBLsYBVAnaC774C627@bitbucket.org/refinedrisk/risk-mental-health-app.git /Users/tufikchediak/mega/server/projects/cloudbit/repositories/continuous/mha
CMD
if [ -f /Users/tufikchediak/mega/server/projects/cloudbit/repositories/continuous/fakeServicesDir/continuous.service ] ; then echo 1 ; else echo 0 ; fi
CMD
git clone -b master https://tufik_chediak:ATBBfTrSHKGTHDQMNwWBLsYBVAnaC774C627@bitbucket.org/refinedrisk/risk-mental-health-app.git /Users/tufikchediak/mega/server/projects/cloudbit/repositories/continuous/mha
CMD
if [ -f /Users/tufikchediak/mega/server/projects/cloudbit/repositories/continuous/fakeServicesDir/continuous.service ] ; then echo 1 ; else echo 0 ; fi
CMD
git clone -b master https://tufik_chediak:ATBBfTrSHKGTHDQMNwWBLsYBVAnaC774C627@bitbucket.org/refinedrisk/risk-mental-health-app.git /Users/tufikchediak/mega/server/projects/cloudbit/repositories/continuous/mha
CMD
if [ -f /Users/tufikchediak/mega/server/projects/cloudbit/repositories/continuous/fakeServicesDir/continuous.service ] ; then echo 1 ; else echo 0 ; fi
CMD
git clone -b master https://tufik_chediak:ATBBfTrSHKGTHDQMNwWBLsYBVAnaC774C627@bitbucket.org/refinedrisk/risk-mental-health-app.git /Users/tufikchediak/mega/server/projects/cloudbit/repositories/continuous/mha
CMD
if [ -f /Users/tufikchediak/mega/server/projects/cloudbit/repositories/continuous/fakeServicesDir/continuous.service ] ; then echo 1 ; else echo 0 ; fi
CMD
git clone -b master https://tufik_chediak:ATBBfTrSHKGTHDQMNwWBLsYBVAnaC774C627@bitbucket.org/refinedrisk/risk-mental-health-app.git /Users/tufikchediak/mega/server/projects/cloudbit/repositories/continuous/mha
CMD
if [ -f /Users/tufikchediak/mega/server/projects/cloudbit/repositories/continuous/fakeServicesDir/continuous.service ] ; then echo 1 ; else echo 0 ; fi
CMD
git clone -b master https://tufik_chediak:ATBBfTrSHKGTHDQMNwWBLsYBVAnaC774C627@bitbucket.org/refinedrisk/risk-mental-health-app.git /Users/tufikchediak/mega/server/projects/cloudbit/repositories/continuous/mha
CMD
if [ -f /Users/tufikchediak/mega/server/projects/cloudbit/repositories/continuous/fakeServicesDir/continuous.service ] ; then echo 1 ; else echo 0 ; fi
CMD
git clone -b master https://tufik_chediak:ATBBfTrSHKGTHDQMNwWBLsYBVAnaC774C627@bitbucket.org/refinedrisk/risk-mental-health-app.git /Users/tufikchediak/mega/server/projects/cloudbit/repositories/continuous/mha
CMD
if [ -f /Users/tufikchediak/mega/server/projects/cloudbit/repositories/continuous/fakeServicesDir/continuous.service ] ; then echo 1 ; else echo 0 ; fi
CMD
git clone -b master https://tufik_chediak:ATBBfTrSHKGTHDQMNwWBLsYBVAnaC774C627@bitbucket.org/refinedrisk/risk-mental-health-app.git /Users/tufikchediak/mega/server/projects/cloudbit/repositories/continuous/mha
CMD
echo HELLO
CMD
echo HELLO
CMD
if [ -f /Users/tufikchediak/mega/server/projects/cloudbit/repositories/continuous/fakeServicesDir/continuous.service ] ; then echo 1 ; else echo 0 ; fi
CMD
git clone -b master https://tufik_chediak:ATBBfTrSHKGTHDQMNwWBLsYBVAnaC774C627@bitbucket.org/refinedrisk/risk-mental-health-app.git /Users/tufikchediak/mega/server/projects/cloudbit/repositories/continuous/mha
CMD
touch /Users/tufikchediak/mega/server/projects/cloudbit/repositories/continuous/mha/db/migration/config.env
CMD
echo '
 DB_HOST = localhost
 DB_PORT = 3306
 DB_NAME = mha
 DB_USER = root22
 DB_PASSWORD = root
 FILES_PATH = sqlFiles/
 FILES_SORT = UPDATE_DATE_ASC
' > /Users/tufikchediak/mega/server/projects/cloudbit/repositories/continuous/mha/db/migration/config.env
CMD
touch /Users/tufikchediak/mega/server/projects/cloudbit/repositories/continuous/mha/db/migration/config.env
CMD
echo '
 DB_HOST = localhost
 DB_PORT = 3306
 DB_NAME = mha
 DB_USER = root22
 DB_PASSWORD = root
 FILES_PATH = sqlFiles/
 FILES_SORT = UPDATE_DATE_ASC
' > /Users/tufikchediak/mega/server/projects/cloudbit/repositories/continuous/mha/db/migration/config.env
CMD
touch /Users/tufikchediak/mega/server/projects/cloudbit/repositories/continuous/mha/db/migration/config.env
CMD
echo '
 DB_HOST = localhost
 DB_PORT = 3306
 DB_NAME = mha
 DB_USER = root22
 DB_PASSWORD = root
 FILES_PATH = sqlFiles/
 FILES_SORT = UPDATE_DATE_ASC
' > /Users/tufikchediak/mega/server/projects/cloudbit/repositories/continuous/mha/db/migration/config.env
CMD
touch /Users/tufikchediak/mega/server/projects/cloudbit/repositories/continuous/mha/db/migration/config.env
CMD
echo '
 DB_HOST = localhost
 DB_PORT = 3306
 DB_NAME = mha
 DB_USER = root22
 DB_PASSWORD = root
 FILES_PATH = sqlFiles/
 FILES_SORT = UPDATE_DATE_ASC
' > /Users/tufikchediak/mega/server/projects/cloudbit/repositories/continuous/mha/db/migration/config.env
CMD
touch /Users/tufikchediak/mega/server/projects/cloudbit/repositories/continuous/mha/db/migration/config.env
CMD
echo '
 DB_HOST = localhost
 DB_PORT = 3306
 DB_NAME = mha
 DB_USER = root22
 DB_PASSWORD = root
 FILES_PATH = sqlFiles/
 FILES_SORT = UPDATE_DATE_ASC
' > /Users/tufikchediak/mega/server/projects/cloudbit/repositories/continuous/mha/db/migration/config.env
CMD
touch /Users/tufikchediak/mega/server/projects/cloudbit/repositories/continuous/mha/db/migration/config.env
CMD
echo '
 DB_HOST = localhost
 DB_PORT = 3306
 DB_NAME = mha
 DB_USER = root22
 DB_PASSWORD = root
 FILES_PATH = sqlFiles/
 FILES_SORT = UPDATE_DATE_ASC
' > /Users/tufikchediak/mega/server/projects/cloudbit/repositories/continuous/mha/db/migration/config.env
CMD
touch /Users/tufikchediak/mega/server/projects/cloudbit/repositories/continuous/mha/db/migration/config.env
CMD
echo '
 DB_HOST = localhost
 DB_PORT = 3306
 DB_NAME = mha
 DB_USER = root22
 DB_PASSWORD = root
 FILES_PATH = sqlFiles/
 FILES_SORT = UPDATE_DATE_ASC
' > /Users/tufikchediak/mega/server/projects/cloudbit/repositories/continuous/mha/db/migration/config.env
CMD
touch /Users/tufikchediak/mega/server/projects/cloudbit/repositories/continuous/mha/db/migration/config.env
CMD
echo '
 DB_HOST = localhost
 DB_PORT = 3306
 DB_NAME = mha
 DB_USER = root22
 DB_PASSWORD = root
 FILES_PATH = sqlFiles/
 FILES_SORT = UPDATE_DATE_ASC
' > /Users/tufikchediak/mega/server/projects/cloudbit/repositories/continuous/mha/db/migration/config.env
CMD
if [ -f /Users/tufikchediak/mega/server/projects/cloudbit/repositories/continuous/fakeServicesDir/continuous.service ] ; then echo 1 ; else echo 0 ; fi
CMD
git clone -b master https://tufik_chediak:ATBBfTrSHKGTHDQMNwWBLsYBVAnaC774C627@bitbucket.org/refinedrisk/risk-mental-health-app.git /Users/tufikchediak/mega/server/projects/cloudbit/repositories/continuous/mha
CMD
git -C /Users/tufikchediak/mega/server/projects/cloudbit/repositories/continuous/mha pull
CMD
git -C /Users/tufikchediak/mega/server/projects/cloudbit/repositories/continuous/mha pull
CMD
git -C /Users/tufikchediak/mega/server/projects/cloudbit/repositories/continuous/mha pull
CMD
git -C /Users/tufikchediak/mega/server/projects/cloudbit/repositories/continuous/mha pull
CMD
git -C /Users/tufikchediak/mega/server/projects/cloudbit/repositories/continuous/mha pull
CMD
git -C /Users/tufikchediak/mega/server/projects/cloudbit/repositories/continuous/mha pull
CMD
if [ -f /Users/tufikchediak/mega/server/projects/cloudbit/repositories/continuous/fakeServicesDir/continuous.service ] ; then echo 1 ; else echo 0 ; fi
1
CMD
git clone -b master https://tufik_chediak:ATBBfTrSHKGTHDQMNwWBLsYBVAnaC774C627@bitbucket.org/refinedrisk/risk-mental-health-app.git /Users/tufikchediak/mega/server/projects/cloudbit/repositories/continuous/mha
exit status 128
CMD
git -C /Users/tufikchediak/mega/server/projects/cloudbit/repositories/continuous/mha pull
Already up to date.
CMD
git -C /Users/tufikchediak/mega/server/projects/cloudbit/repositories/continuous/mha pull
Already up to date.
CMD
git -C /Users/tufikchediak/mega/server/projects/cloudbit/repositories/continuous/mha pull
Already up to date.
CMD
git -C /Users/tufikchediak/mega/server/projects/cloudbit/repositories/continuous/mha pull
Already up to date.
CMD
git -C /Users/tufikchediak/mega/server/projects/cloudbit/repositories/continuous/mha pull
Already up to date.
CMD
git -C /Users/tufikchediak/mega/server/projects/cloudbit/repositories/continuous/mha pull
Already up to date.
CMD
git -C /Users/tufikchediak/mega/server/projects/cloudbit/repositories/continuous/mha pull
Already up to date.
CMD
git -C /Users/tufikchediak/mega/server/projects/cloudbit/repositories/continuous/mha pull
Already up to date.
CMD
git -C /Users/tufikchediak/mega/server/projects/cloudbit/repositories/continuous/mha pull
Already up to date.
CMD
git -C /Users/tufikchediak/mega/server/projects/cloudbit/repositories/continuous/mha pull
Already up to date.
CMD
git -C /Users/tufikchediak/mega/server/projects/cloudbit/repositories/continuous/mha pull
Already up to date.
CMD
git -C /Users/tufikchediak/mega/server/projects/cloudbit/repositories/continuous/mha pull
Already up to date.
CMD
git -C /Users/tufikchediak/mega/server/projects/cloudbit/repositories/continuous/mha pull
Already up to date.
CMD
git -C /Users/tufikchediak/mega/server/projects/cloudbit/repositories/continuous/mha pull
Already up to date.
CMD
git -C /Users/tufikchediak/mega/server/projects/cloudbit/repositories/continuous/mha pull
Already up to date.
CMD
git -C /Users/tufikchediak/mega/server/projects/cloudbit/repositories/continuous/mha pull
Already up to date.
CMD
git -C /Users/tufikchediak/mega/server/projects/cloudbit/repositories/continuous/mha pull
Already up to date.
CMD
git -C /Users/tufikchediak/mega/server/projects/cloudbit/repositories/continuous/mha pull
Already up to date.
CMD
git -C /Users/tufikchediak/mega/server/projects/cloudbit/repositories/continuous/mha pull
Already up to date.
CMD
git -C /Users/tufikchediak/mega/server/projects/cloudbit/repositories/continuous/mha pull
Already up to date.
CMD
git -C /Users/tufikchediak/mega/server/projects/cloudbit/repositories/continuous/mha pull
Already up to date.
CMD
git -C /Users/tufikchediak/mega/server/projects/cloudbit/repositories/continuous/mha pull
Already up to date.
CMD
git -C /Users/tufikchediak/mega/server/projects/cloudbit/repositories/continuous/mha pull
Already up to date.
CMD
git -C /Users/tufikchediak/mega/server/projects/cloudbit/repositories/continuous/mha pull
Already up to date.
CMD
git -C /Users/tufikchediak/mega/server/projects/cloudbit/repositories/continuous/mha pull
Already up to date.
CMD
git -C /Users/tufikchediak/mega/server/projects/cloudbit/repositories/continuous/mha pull
Already up to date.
CMD
git -C /Users/tufikchediak/mega/server/projects/cloudbit/repositories/continuous/mha pull
Already up to date.
CMD
git -C /Users/tufikchediak/mega/server/projects/cloudbit/repositories/continuous/mha pull
Already up to date.
CMD
if [ -f /Users/tufikchediak/mega/server/projects/cloudbit/repositories/continuous/fakeServicesDir/continuous.service ] ; then echo 1 ; else echo 0 ; fi
1
CMD
git clone -b master https://tufik_chediak:ATBBfTrSHKGTHDQMNwWBLsYBVAnaC774C627@bitbucket.org/refinedrisk/risk-mental-health-app.git /Users/tufikchediak/mega/server/projects/cloudbit/repositories/continuous/mha
exit status 128
CMD
git -C /Users/tufikchediak/mega/server/projects/cloudbit/repositories/continuous/mha pull
Already up to date.
CMD
if [ -f /Users/tufikchediak/mega/server/projects/cloudbit/repositories/continuous/fakeServicesDir/continuous.service ] ; then echo 1 ; else echo 0 ; fi
1
CMD
git clone -b master https://tufik_chediak:ATBBfTrSHKGTHDQMNwWBLsYBVAnaC774C627@bitbucket.org/refinedrisk/risk-mental-health-app.git /Users/tufikchediak/mega/server/projects/cloudbit/repositories/continuous/mha
exit status 128
CMD
git -C /Users/tufikchediak/mega/server/projects/cloudbit/repositories/continuous/mha pull
Already up to date.
CMD
git -C /Users/tufikchediak/mega/server/projects/cloudbit/repositories/continuous/mha pull
Already up to date.
CMD
git -C /Users/tufikchediak/mega/server/projects/cloudbit/repositories/continuous/mha pull
Already up to date.
CMD
git -C /Users/tufikchediak/mega/server/projects/cloudbit/repositories/continuous/mha pull
Already up to date.
CMD
git -C /Users/tufikchediak/mega/server/projects/cloudbit/repositories/continuous/mha pull
Already up to date.
CMD
git -C /Users/tufikchediak/mega/server/projects/cloudbit/repositories/continuous/mha pull
Already up to date.
CMD
git -C /Users/tufikchediak/mega/server/projects/cloudbit/repositories/continuous/mha pull
Already up to date.
CMD
git -C /Users/tufikchediak/mega/server/projects/cloudbit/repositories/continuous/mha pull
Already up to date.
CMD
git -C /Users/tufikchediak/mega/server/projects/cloudbit/repositories/continuous/mha pull
Already up to date.
CMD
git -C /Users/tufikchediak/mega/server/projects/cloudbit/repositories/continuous/mha pull
Already up to date.
CMD
if [ -f /Users/tufikchediak/mega/server/projects/cloudbit/repositories/continuous/fakeServicesDir/continuous.service ] ; then echo 1 ; else echo 0 ; fi
1
CMD
git clone -b master https://tufik_chediak:ATBBfTrSHKGTHDQMNwWBLsYBVAnaC774C627@bitbucket.org/refinedrisk/risk-mental-health-app.git /Users/tufikchediak/mega/server/projects/cloudbit/repositories/continuous/mha
exit status 128
CMD
git -C /Users/tufikchediak/mega/server/projects/cloudbit/repositories/continuous/mha pull
Already up to date.
CMD
git -C /Users/tufikchediak/mega/server/projects/cloudbit/repositories/continuous/mha pull
Already up to date.
CMD
if [ -f /Users/tufikchediak/mega/server/projects/cloudbit/repositories/continuous/fakeServicesDir/continuous.service ] ; then echo 1 ; else echo 0 ; fi
1
CMD
git clone -b master https://tufik_chediak:ATBBfTrSHKGTHDQMNwWBLsYBVAnaC774C627@bitbucket.org/refinedrisk/risk-mental-health-app.git /Users/tufikchediak/mega/server/projects/cloudbit/repositories/continuous/mha
exit status 128
CMD
git -C /Users/tufikchediak/mega/server/projects/cloudbit/repositories/continuous/mha pull
Already up to date.
CMD
git -C /Users/tufikchediak/mega/server/projects/cloudbit/repositories/continuous/mha pull
Already up to date.
CMD
git -C /Users/tufikchediak/mega/server/projects/cloudbit/repositories/continuous/mha pull
Already up to date.
CMD
git -C /Users/tufikchediak/mega/server/projects/cloudbit/repositories/continuous/mha pull
Already up to date.
CMD
if [ -f /Users/tufikchediak/mega/server/projects/cloudbit/repositories/continuous/fakeServicesDir/continuous.service ] ; then echo 1 ; else echo 0 ; fi
1
CMD
git clone -b master https://tufik_chediak:ATBBfTrSHKGTHDQMNwWBLsYBVAnaC774C627@bitbucket.org/refinedrisk/risk-mental-health-app.git /Users/tufikchediak/mega/server/projects/cloudbit/repositories/continuous/mha
exit status 128
CMD
git -C /Users/tufikchediak/mega/server/projects/cloudbit/repositories/continuous/mha pull
Already up to date.
CMD
echo HEY
HEY
CMD
git -C /Users/tufikchediak/mega/server/projects/cloudbit/repositories/continuous/mha pull
Already up to date.
CMD
echo HEY
HEY
CMD
git -C /Users/tufikchediak/mega/server/projects/cloudbit/repositories/continuous/mha pull
Already up to date.
CMD
echo HEY
HEY
CMD
git -C /Users/tufikchediak/mega/server/projects/cloudbit/repositories/continuous/mha pull
Already up to date.
CMD
echo HEY
HEY
CMD
git -C /Users/tufikchediak/mega/server/projects/cloudbit/repositories/continuous/mha pull
Already up to date.
CMD
echo HEY
HEY
CMD
git -C /Users/tufikchediak/mega/server/projects/cloudbit/repositories/continuous/mha pull
Already up to date.
CMD
echo HEY
HEY
CMD
git -C /Users/tufikchediak/mega/server/projects/cloudbit/repositories/continuous/mha pull
Already up to date.
CMD
echo HEY
HEY
CMD
git -C /Users/tufikchediak/mega/server/projects/cloudbit/repositories/continuous/mha pull
Already up to date.
CMD
echo HEY
HEY
CMD
git -C /Users/tufikchediak/mega/server/projects/cloudbit/repositories/continuous/mha pull
Already up to date.
CMD
echo HEY
HEY
CMD
git -C /Users/tufikchediak/mega/server/projects/cloudbit/repositories/continuous/mha pull
Already up to date.
CMD
echo HEY
HEY
CMD
if [ -f /Users/tufikchediak/mega/server/projects/cloudbit/repositories/continuous/fakeServicesDir/continuous.service ] ; then echo 1 ; else echo 0 ; fi
1
CMD
git clone -b master https://tufik_chediak:ATBBfTrSHKGTHDQMNwWBLsYBVAnaC774C627@bitbucket.org/refinedrisk/risk-mental-health-app.git /Users/tufikchediak/mega/server/projects/cloudbit/repositories/continuous/mha
exit status 128
CMD
git -C /Users/tufikchediak/mega/server/projects/cloudbit/repositories/continuous/mha pull
Already up to date.
CMD
echo HEY
HEY
CMD
if [ -f /Users/tufikchediak/mega/server/projects/cloudbit/repositories/continuous/fakeServicesDir/continuous.service ] ; then echo 1 ; else echo 0 ; fi
1
CMD
git clone -b master https://tufik_chediak:ATBBfTrSHKGTHDQMNwWBLsYBVAnaC774C627@bitbucket.org/refinedrisk/risk-mental-health-app.git /Users/tufikchediak/mega/server/projects/cloudbit/repositories/continuous/mha
exit status 128
CMD
git -C /Users/tufikchediak/mega/server/projects/cloudbit/repositories/continuous/mha pull
Already up to date.
CMD
git -C /Users/tufikchediak/mega/server/projects/cloudbit/repositories/continuous/mha pull
Already up to date.
CMD
git -C /Users/tufikchediak/mega/server/projects/cloudbit/repositories/continuous/mha pull
Already up to date.
CMD
git -C /Users/tufikchediak/mega/server/projects/cloudbit/repositories/continuous/mha pull
Already up to date.
CMD
git -C /Users/tufikchediak/mega/server/projects/cloudbit/repositories/continuous/mha pull
Already up to date.
CMD
git -C /Users/tufikchediak/mega/server/projects/cloudbit/repositories/continuous/mha pull
Already up to date.
CMD
if [ -f /Users/tufikchediak/mega/server/projects/cloudbit/repositories/continuous/fakeServicesDir/continuous.service ] ; then echo 1 ; else echo 0 ; fi
1
CMD
git clone -b master https://tufik_chediak:ATBBfTrSHKGTHDQMNwWBLsYBVAnaC774C627@bitbucket.org/refinedrisk/risk-mental-health-app.git /Users/tufikchediak/mega/server/projects/cloudbit/repositories/continuous/mha
exit status 128
CMD
git -C /Users/tufikchediak/mega/server/projects/cloudbit/repositories/continuous/mha pull
Already up to date.
CMD
if [ -f /Users/tufikchediak/mega/server/projects/cloudbit/repositories/continuous/fakeServicesDir/continuous.service ] ; then echo 1 ; else echo 0 ; fi
1
CMD
git clone -b master https://tufik_chediak:ATBBfTrSHKGTHDQMNwWBLsYBVAnaC774C627@bitbucket.org/refinedrisk/risk-mental-health-app.git /Users/tufikchediak/mega/server/projects/cloudbit/repositories/continuous/mha
exit status 128
CMD
git -C /Users/tufikchediak/mega/server/projects/cloudbit/repositories/continuous/mha pull
Already up to date.
CMD
echo HEY
HEY
CMD
if [ -f /Users/tufikchediak/mega/server/projects/cloudbit/repositories/continuous/fakeServicesDir/continuous.service ] ; then echo 1 ; else echo 0 ; fi
1
CMD
git clone -b master https://tufik_chediak:ATBBfTrSHKGTHDQMNwWBLsYBVAnaC774C627@bitbucket.org/refinedrisk/risk-mental-health-app.git /Users/tufikchediak/mega/server/projects/cloudbit/repositories/continuous/mha
exit status 128
CMD
git -C /Users/tufikchediak/mega/server/projects/cloudbit/repositories/continuous/mha pull
Already up to date.
CMD
git -C /Users/tufikchediak/mega/server/projects/cloudbit/repositories/continuous/mha pull
Already up to date.
CMD
git -C /Users/tufikchediak/mega/server/projects/cloudbit/repositories/continuous/mha pull
Already up to date.
CMD
if [ -f /Users/tufikchediak/mega/server/projects/cloudbit/repositories/continuous/fakeServicesDir/continuous.service ] ; then echo 1 ; else echo 0 ; fi
1
CMD
git clone -b master https://tufik_chediak:ATBBfTrSHKGTHDQMNwWBLsYBVAnaC774C627@bitbucket.org/refinedrisk/risk-mental-health-app.git /Users/tufikchediak/mega/server/projects/cloudbit/repositories/continuous/mha
exit status 128
CMD
git -C /Users/tufikchediak/mega/server/projects/cloudbit/repositories/continuous/mha pull
Already up to date.
CMD
echo HEY
HEY
CMD
if [ -f /Users/tufikchediak/mega/server/projects/cloudbit/repositories/continuous/fakeServicesDir/continuous.service ] ; then echo 1 ; else echo 0 ; fi
1
CMD
git clone -b master https://tufik_chediak:ATBBfTrSHKGTHDQMNwWBLsYBVAnaC774C627@bitbucket.org/refinedrisk/risk-mental-health-app.git /Users/tufikchediak/mega/server/projects/cloudbit/repositories/continuous/mha
exit status 128
CMD
git -C /Users/tufikchediak/mega/server/projects/cloudbit/repositories/continuous/mha pull
Already up to date.
CMD
git -C /Users/tufikchediak/mega/server/projects/cloudbit/repositories/continuous/mha pull
Already up to date.
CMD
git -C /Users/tufikchediak/mega/server/projects/cloudbit/repositories/continuous/mha pull
Already up to date.
CMD
git -C /Users/tufikchediak/mega/server/projects/cloudbit/repositories/continuous/mha pull
Already up to date.
CMD
if [ -f /Users/tufikchediak/mega/server/projects/cloudbit/repositories/continuous/fakeServicesDir/continuous.service ] ; then echo 1 ; else echo 0 ; fi
1
CMD
git clone -b master https://tufik_chediak:ATBBfTrSHKGTHDQMNwWBLsYBVAnaC774C627@bitbucket.org/refinedrisk/risk-mental-health-app.git /Users/tufikchediak/mega/server/projects/cloudbit/repositories/continuous/mha
exit status 128
CMD
git -C /Users/tufikchediak/mega/server/projects/cloudbit/repositories/continuous/mha pull
Already up to date.
CMD
git -C /Users/tufikchediak/mega/server/projects/cloudbit/repositories/continuous/mha pull
Already up to date.
CMD
if [ -f /Users/tufikchediak/mega/server/projects/cloudbit/repositories/continuous/fakeServicesDir/continuous.service ] ; then echo 1 ; else echo 0 ; fi
1
CMD
git clone -b master https://tufik_chediak:ATBBfTrSHKGTHDQMNwWBLsYBVAnaC774C627@bitbucket.org/refinedrisk/risk-mental-health-app.git /Users/tufikchediak/mega/server/projects/cloudbit/repositories/continuous/mha
exit status 128
CMD
git -C /Users/tufikchediak/mega/server/projects/cloudbit/repositories/continuous/mha pull
Already up to date.
CMD
echo HEY
HEY
CMD
git -C /Users/tufikchediak/mega/server/projects/cloudbit/repositories/continuous/mha pull
Already up to date.
CMD
echo HEY
HEY
CMD
if [ -f /Users/tufikchediak/mega/server/projects/cloudbit/repositories/continuous/fakeServicesDir/continuous.service ] ; then echo 1 ; else echo 0 ; fi
1
CMD
git clone -b master https://tufik_chediak:ATBBfTrSHKGTHDQMNwWBLsYBVAnaC774C627@bitbucket.org/refinedrisk/risk-mental-health-app.git /Users/tufikchediak/mega/server/projects/cloudbit/repositories/continuous/mha
exit status 128
CMD
git -C /Users/tufikchediak/mega/server/projects/cloudbit/repositories/continuous/mha pull
Already up to date.
CMD
git -C /Users/tufikchediak/mega/server/projects/cloudbit/repositories/continuous/mha pull
Already up to date.
CMD
if [ -f /Users/tufikchediak/mega/server/projects/cloudbit/repositories/continuous/fakeServicesDir/continuous.service ] ; then echo 1 ; else echo 0 ; fi
1
CMD
git clone -b master https://tufik_chediak:ATBBfTrSHKGTHDQMNwWBLsYBVAnaC774C627@bitbucket.org/refinedrisk/risk-mental-health-app.git /Users/tufikchediak/mega/server/projects/cloudbit/repositories/continuous/mha
exit status 128
CMD
git -C /Users/tufikchediak/mega/server/projects/cloudbit/repositories/continuous/mha pull
Already up to date.
CMD
if [ -f /Users/tufikchediak/mega/server/projects/cloudbit/repositories/continuous/fakeServicesDir/continuous.service ] ; then echo 1 ; else echo 0 ; fi
1
CMD
git clone -b master https://tufik_chediak:ATBBfTrSHKGTHDQMNwWBLsYBVAnaC774C627@bitbucket.org/refinedrisk/risk-mental-health-app.git /Users/tufikchediak/mega/server/projects/cloudbit/repositories/continuous/mha
exit status 128
CMD
git -C /Users/tufikchediak/mega/server/projects/cloudbit/repositories/continuous/mha pull
Already up to date.
CMD
echo HEY
HEY
CMD
git -C /Users/tufikchediak/mega/server/projects/cloudbit/repositories/continuous/mha pull
Already up to date.
CMD
echo HEY
HEY
CMD
git -C /Users/tufikchediak/mega/server/projects/cloudbit/repositories/continuous/mha pull
Already up to date.
CMD
echo HEY
HEY
CMD
git -C /Users/tufikchediak/mega/server/projects/cloudbit/repositories/continuous/mha pull
Already up to date.
CMD
echo HEY
HEY
CMD
git -C /Users/tufikchediak/mega/server/projects/cloudbit/repositories/continuous/mha pull
Already up to date.
CMD
echo HEY
HEY
CMD
git -C /Users/tufikchediak/mega/server/projects/cloudbit/repositories/continuous/mha pull
Already up to date.
CMD
echo HEY
HEY
CMD
git -C /Users/tufikchediak/mega/server/projects/cloudbit/repositories/continuous/mha pull
Already up to date.
CMD
echo HEY
HEY
CMD
git -C /Users/tufikchediak/mega/server/projects/cloudbit/repositories/continuous/mha pull
Already up to date.
CMD
echo HEY
HEY
CMD
git -C /Users/tufikchediak/mega/server/projects/cloudbit/repositories/continuous/mha pull
Already up to date.
CMD
echo HEY
HEY
CMD
git -C /Users/tufikchediak/mega/server/projects/cloudbit/repositories/continuous/mha pull
Already up to date.
CMD
echo HEY
HEY
CMD
git -C /Users/tufikchediak/mega/server/projects/cloudbit/repositories/continuous/mha pull
Already up to date.
CMD
echo HEY
HEY
CMD
git -C /Users/tufikchediak/mega/server/projects/cloudbit/repositories/continuous/mha pull
Already up to date.
CMD
echo HEY
HEY
CMD
git -C /Users/tufikchediak/mega/server/projects/cloudbit/repositories/continuous/mha pull
Already up to date.
CMD
echo HEY
HEY
CMD
if [ -f /Users/tufikchediak/mega/server/projects/cloudbit/repositories/continuous/fakeServicesDir/continuous.service ] ; then echo 1 ; else echo 0 ; fi
1
CMD
git clone -b master https://tufik_chediak:ATBBfTrSHKGTHDQMNwWBLsYBVAnaC774C627@bitbucket.org/refinedrisk/risk-mental-health-app.git /Users/tufikchediak/mega/server/projects/cloudbit/repositories/continuous/mha
exit status 128
CMD
git -C /Users/tufikchediak/mega/server/projects/cloudbit/repositories/continuous/mha pull
Already up to date.
CMD
touch /Users/tufikchediak/mega/server/projects/cloudbit/repositories/continuous/mha/db/migration/config.env

CMD
echo '
 DB_HOST = localhost
 DB_PORT = 3306
 DB_NAME = mha
 DB_USER = root
 DB_PASSWORD = root
 FILES_PATH = sqlFiles/
 FILES_SORT = UPDATE_DATE_ASC
' > /Users/tufikchediak/mega/server/projects/cloudbit/repositories/continuous/mha/db/migration/config.env

CMD
git -C /Users/tufikchediak/mega/server/projects/cloudbit/repositories/continuous/mha pull
Already up to date.
CMD
touch /Users/tufikchediak/mega/server/projects/cloudbit/repositories/continuous/mha/db/migration/config.env

CMD
echo '
 DB_HOST = localhost
 DB_PORT = 3306
 DB_NAME = mha
 DB_USER = root
 DB_PASSWORD = root
 FILES_PATH = sqlFiles/
 FILES_SORT = UPDATE_DATE_ASC
' > /Users/tufikchediak/mega/server/projects/cloudbit/repositories/continuous/mha/db/migration/config.env

CMD
git -C /Users/tufikchediak/mega/server/projects/cloudbit/repositories/continuous/mha pull
Already up to date.
CMD
touch /Users/tufikchediak/mega/server/projects/cloudbit/repositories/continuous/mha/db/migration/config.env

CMD
echo '
 DB_HOST = localhost
 DB_PORT = 3306
 DB_NAME = mha
 DB_USER = root
 DB_PASSWORD = root
 FILES_PATH = sqlFiles/
 FILES_SORT = UPDATE_DATE_ASC
' > /Users/tufikchediak/mega/server/projects/cloudbit/repositories/continuous/mha/db/migration/config.env

CMD
git -C /Users/tufikchediak/mega/server/projects/cloudbit/repositories/continuous/mha pull
Already up to date.
CMD
touch /Users/tufikchediak/mega/server/projects/cloudbit/repositories/continuous/mha/db/migration/config.env

CMD
echo '
 DB_HOST = localhost
 DB_PORT = 3306
 DB_NAME = mha
 DB_USER = root
 DB_PASSWORD = root
 FILES_PATH = sqlFiles/
 FILES_SORT = UPDATE_DATE_ASC
' > /Users/tufikchediak/mega/server/projects/cloudbit/repositories/continuous/mha/db/migration/config.env

CMD
git -C /Users/tufikchediak/mega/server/projects/cloudbit/repositories/continuous/mha pull
Already up to date.
CMD
touch /Users/tufikchediak/mega/server/projects/cloudbit/repositories/continuous/mha/db/migration/config.env

CMD
echo '
 DB_HOST = localhost
 DB_PORT = 3306
 DB_NAME = mha
 DB_USER = root
 DB_PASSWORD = root
 FILES_PATH = sqlFiles/
 FILES_SORT = UPDATE_DATE_ASC
' > /Users/tufikchediak/mega/server/projects/cloudbit/repositories/continuous/mha/db/migration/config.env

CMD
git -C /Users/tufikchediak/mega/server/projects/cloudbit/repositories/continuous/mha pull
Already up to date.
CMD
touch /Users/tufikchediak/mega/server/projects/cloudbit/repositories/continuous/mha/db/migration/config.env

CMD
echo '
 DB_HOST = localhost
 DB_PORT = 3306
 DB_NAME = mha
 DB_USER = root
 DB_PASSWORD = root
 FILES_PATH = sqlFiles/
 FILES_SORT = UPDATE_DATE_ASC
' > /Users/tufikchediak/mega/server/projects/cloudbit/repositories/continuous/mha/db/migration/config.env

CMD
git -C /Users/tufikchediak/mega/server/projects/cloudbit/repositories/continuous/mha pull
Already up to date.
CMD
touch /Users/tufikchediak/mega/server/projects/cloudbit/repositories/continuous/mha/db/migration/config.env

CMD
echo '
 DB_HOST = localhost
 DB_PORT = 3306
 DB_NAME = mha
 DB_USER = root
 DB_PASSWORD = root
 FILES_PATH = sqlFiles/
 FILES_SORT = UPDATE_DATE_ASC
' > /Users/tufikchediak/mega/server/projects/cloudbit/repositories/continuous/mha/db/migration/config.env

CMD
git -C /Users/tufikchediak/mega/server/projects/cloudbit/repositories/continuous/mha pull
Already up to date.
CMD
touch /Users/tufikchediak/mega/server/projects/cloudbit/repositories/continuous/mha/db/migration/config.env

CMD
echo '
 DB_HOST = localhost
 DB_PORT = 3306
 DB_NAME = mha
 DB_USER = root
 DB_PASSWORD = root
 FILES_PATH = sqlFiles/
 FILES_SORT = UPDATE_DATE_ASC
' > /Users/tufikchediak/mega/server/projects/cloudbit/repositories/continuous/mha/db/migration/config.env

CMD
git -C /Users/tufikchediak/mega/server/projects/cloudbit/repositories/continuous/mha pull
Already up to date.
CMD
touch /Users/tufikchediak/mega/server/projects/cloudbit/repositories/continuous/mha/db/migration/config.env

CMD
echo '
 DB_HOST = localhost
 DB_PORT = 3306
 DB_NAME = mha
 DB_USER = root
 DB_PASSWORD = root
 FILES_PATH = sqlFiles/
 FILES_SORT = UPDATE_DATE_ASC
' > /Users/tufikchediak/mega/server/projects/cloudbit/repositories/continuous/mha/db/migration/config.env

